This file contains any messages produced by compilers while
running configure, to aid debugging if configure makes a mistake.

It was created by arduino_serial configure 0.1, which was
generated by GNU Autoconf 2.63.  Invocation command line was

  $ /home/josheeg/Desktop/arduino-serial/configure --enable-maintainer-mode

## --------- ##
## Platform. ##
## --------- ##

hostname = josheegport
uname -m = i686
uname -r = 2.6.28-11-generic
uname -s = Linux
uname -v = #42-Ubuntu SMP Fri Apr 17 01:57:59 UTC 2009

/usr/bin/uname -p = unknown
/bin/uname -X     = unknown

/bin/arch              = unknown
/usr/bin/arch -k       = unknown
/usr/convex/getsysinfo = unknown
/usr/bin/hostinfo      = unknown
/bin/machine           = unknown
/usr/bin/oslevel       = unknown
/bin/universe          = unknown

PATH: /home/josheeg/bin
PATH: /usr/local/sbin
PATH: /usr/local/bin
PATH: /usr/sbin
PATH: /usr/bin
PATH: /sbin
PATH: /bin
PATH: /usr/games


## ----------- ##
## Core tests. ##
## ----------- ##

configure:1836: checking for a BSD-compatible install
configure:1904: result: /usr/bin/install -c
configure:1915: checking whether build environment is sane
configure:1958: result: yes
configure:1983: checking for a thread-safe mkdir -p
configure:2022: result: /bin/mkdir -p
configure:2035: checking for gawk
configure:2051: found /usr/bin/gawk
configure:2062: result: gawk
configure:2073: checking whether make sets $(MAKE)
configure:2095: result: yes
configure:2281: checking whether to enable maintainer-specific portions of Makefiles
configure:2290: result: yes
configure:2316: checking for style of include used by make
configure:2344: result: GNU
configure:2414: checking for gcc
configure:2430: found /usr/bin/gcc
configure:2441: result: gcc
configure:2673: checking for C compiler version
configure:2681: gcc --version >&5
gcc (Ubuntu 4.3.3-5ubuntu4) 4.3.3
Copyright (C) 2008 Free Software Foundation, Inc.
This is free software; see the source for copying conditions.  There is NO
warranty; not even for MERCHANTABILITY or FITNESS FOR A PARTICULAR PURPOSE.

configure:2685: $? = 0
configure:2692: gcc -v >&5
Using built-in specs.
Target: i486-linux-gnu
Configured with: ../src/configure -v --with-pkgversion='Ubuntu 4.3.3-5ubuntu4' --with-bugurl=file:///usr/share/doc/gcc-4.3/README.Bugs --enable-languages=c,c++,fortran,objc,obj-c++ --prefix=/usr --enable-shared --with-system-zlib --libexecdir=/usr/lib --without-included-gettext --enable-threads=posix --enable-nls --with-gxx-include-dir=/usr/include/c++/4.3 --program-suffix=-4.3 --enable-clocale=gnu --enable-libstdcxx-debug --enable-objc-gc --enable-mpfr --enable-targets=all --with-tune=generic --enable-checking=release --build=i486-linux-gnu --host=i486-linux-gnu --target=i486-linux-gnu
Thread model: posix
gcc version 4.3.3 (Ubuntu 4.3.3-5ubuntu4) 
configure:2696: $? = 0
configure:2703: gcc -V >&5
gcc: '-V' option must have argument
configure:2707: $? = 1
configure:2730: checking for C compiler default output file name
configure:2752: gcc    conftest.c  >&5
configure:2756: $? = 0
configure:2794: result: a.out
configure:2813: checking whether the C compiler works
configure:2823: ./a.out
configure:2827: $? = 0
configure:2846: result: yes
configure:2853: checking whether we are cross compiling
configure:2855: result: no
configure:2858: checking for suffix of executables
configure:2865: gcc -o conftest    conftest.c  >&5
configure:2869: $? = 0
configure:2895: result: 
configure:2901: checking for suffix of object files
configure:2927: gcc -c   conftest.c >&5
configure:2931: $? = 0
configure:2956: result: o
configure:2960: checking whether we are using the GNU C compiler
configure:2989: gcc -c   conftest.c >&5
configure:2996: $? = 0
configure:3013: result: yes
configure:3022: checking whether gcc accepts -g
configure:3052: gcc -c -g  conftest.c >&5
configure:3059: $? = 0
configure:3160: result: yes
configure:3177: checking for gcc option to accept ISO C89
configure:3251: gcc  -c -g -O2  conftest.c >&5
configure:3258: $? = 0
configure:3281: result: none needed
configure:3301: checking dependency style of gcc
configure:3392: result: gcc3
configure:3408: checking for library containing strerror
configure:3449: gcc -o conftest -g -O2   conftest.c  >&5
configure:3456: $? = 0
configure:3487: result: none required
configure:3543: checking for gcc
configure:3570: result: gcc
configure:3802: checking for C compiler version
configure:3810: gcc --version >&5
gcc (Ubuntu 4.3.3-5ubuntu4) 4.3.3
Copyright (C) 2008 Free Software Foundation, Inc.
This is free software; see the source for copying conditions.  There is NO
warranty; not even for MERCHANTABILITY or FITNESS FOR A PARTICULAR PURPOSE.

configure:3814: $? = 0
configure:3821: gcc -v >&5
Using built-in specs.
Target: i486-linux-gnu
Configured with: ../src/configure -v --with-pkgversion='Ubuntu 4.3.3-5ubuntu4' --with-bugurl=file:///usr/share/doc/gcc-4.3/README.Bugs --enable-languages=c,c++,fortran,objc,obj-c++ --prefix=/usr --enable-shared --with-system-zlib --libexecdir=/usr/lib --without-included-gettext --enable-threads=posix --enable-nls --with-gxx-include-dir=/usr/include/c++/4.3 --program-suffix=-4.3 --enable-clocale=gnu --enable-libstdcxx-debug --enable-objc-gc --enable-mpfr --enable-targets=all --with-tune=generic --enable-checking=release --build=i486-linux-gnu --host=i486-linux-gnu --target=i486-linux-gnu
Thread model: posix
gcc version 4.3.3 (Ubuntu 4.3.3-5ubuntu4) 
configure:3825: $? = 0
configure:3832: gcc -V >&5
gcc: '-V' option must have argument
configure:3836: $? = 1
configure:3839: checking whether we are using the GNU C compiler
configure:3892: result: yes
configure:3901: checking whether gcc accepts -g
configure:4039: result: yes
configure:4056: checking for gcc option to accept ISO C89
configure:4160: result: none needed
configure:4180: checking dependency style of gcc
configure:4271: result: gcc3
configure:4334: checking for gcc
configure:4361: result: gcc
configure:4593: checking for C compiler version
configure:4601: gcc --version >&5
gcc (Ubuntu 4.3.3-5ubuntu4) 4.3.3
Copyright (C) 2008 Free Software Foundation, Inc.
This is free software; see the source for copying conditions.  There is NO
warranty; not even for MERCHANTABILITY or FITNESS FOR A PARTICULAR PURPOSE.

configure:4605: $? = 0
configure:4612: gcc -v >&5
Using built-in specs.
Target: i486-linux-gnu
Configured with: ../src/configure -v --with-pkgversion='Ubuntu 4.3.3-5ubuntu4' --with-bugurl=file:///usr/share/doc/gcc-4.3/README.Bugs --enable-languages=c,c++,fortran,objc,obj-c++ --prefix=/usr --enable-shared --with-system-zlib --libexecdir=/usr/lib --without-included-gettext --enable-threads=posix --enable-nls --with-gxx-include-dir=/usr/include/c++/4.3 --program-suffix=-4.3 --enable-clocale=gnu --enable-libstdcxx-debug --enable-objc-gc --enable-mpfr --enable-targets=all --with-tune=generic --enable-checking=release --build=i486-linux-gnu --host=i486-linux-gnu --target=i486-linux-gnu
Thread model: posix
gcc version 4.3.3 (Ubuntu 4.3.3-5ubuntu4) 
configure:4616: $? = 0
configure:4623: gcc -V >&5
gcc: '-V' option must have argument
configure:4627: $? = 1
configure:4630: checking whether we are using the GNU C compiler
configure:4683: result: yes
configure:4692: checking whether gcc accepts -g
configure:4830: result: yes
configure:4847: checking for gcc option to accept ISO C89
configure:4951: result: none needed
configure:4971: checking dependency style of gcc
configure:5062: result: gcc3
configure:5085: checking how to run the C preprocessor
configure:5125: gcc -E  conftest.c
configure:5132: $? = 0
configure:5163: gcc -E  conftest.c
conftest.c:10:28: error: ac_nonexistent.h: No such file or directory
configure:5170: $? = 1
configure: failed program was:
| /* confdefs.h.  */
| #define PACKAGE_NAME "arduino_serial"
| #define PACKAGE_TARNAME "arduino_serial"
| #define PACKAGE_VERSION "0.1"
| #define PACKAGE_STRING "arduino_serial 0.1"
| #define PACKAGE_BUGREPORT ""
| #define PACKAGE "arduino_serial"
| #define VERSION "0.1"
| /* end confdefs.h.  */
| #include <ac_nonexistent.h>
configure:5203: result: gcc -E
configure:5232: gcc -E  conftest.c
configure:5239: $? = 0
configure:5270: gcc -E  conftest.c
conftest.c:10:28: error: ac_nonexistent.h: No such file or directory
configure:5277: $? = 1
configure: failed program was:
| /* confdefs.h.  */
| #define PACKAGE_NAME "arduino_serial"
| #define PACKAGE_TARNAME "arduino_serial"
| #define PACKAGE_VERSION "0.1"
| #define PACKAGE_STRING "arduino_serial 0.1"
| #define PACKAGE_BUGREPORT ""
| #define PACKAGE "arduino_serial"
| #define VERSION "0.1"
| /* end confdefs.h.  */
| #include <ac_nonexistent.h>
configure:5317: checking for grep that handles long lines and -e
configure:5377: result: /bin/grep
configure:5382: checking for egrep
configure:5446: result: /bin/grep -E
configure:5451: checking for ANSI C header files
configure:5481: gcc -c -g -O2  conftest.c >&5
configure:5488: $? = 0
configure:5587: gcc -o conftest -g -O2   conftest.c  >&5
configure:5591: $? = 0
configure:5597: ./conftest
configure:5601: $? = 0
configure:5619: result: yes
configure:5775: creating ./config.status

## ---------------------- ##
## Running config.status. ##
## ---------------------- ##

This file was extended by arduino_serial config.status 0.1, which was
generated by GNU Autoconf 2.63.  Invocation command line was

  CONFIG_FILES    = 
  CONFIG_HEADERS  = 
  CONFIG_LINKS    = 
  CONFIG_COMMANDS = 
  $ ./config.status 

on josheegport

config.status:763: creating Makefile
config.status:763: creating config.h
config.status:1037: executing depfiles commands

## ---------------- ##
## Cache variables. ##
## ---------------- ##

ac_cv_c_compiler_gnu=yes
ac_cv_env_CC_set=
ac_cv_env_CC_value=
ac_cv_env_CFLAGS_set=
ac_cv_env_CFLAGS_value=
ac_cv_env_CPPFLAGS_set=
ac_cv_env_CPPFLAGS_value=
ac_cv_env_CPP_set=
ac_cv_env_CPP_value=
ac_cv_env_LDFLAGS_set=
ac_cv_env_LDFLAGS_value=
ac_cv_env_LIBS_set=
ac_cv_env_LIBS_value=
ac_cv_env_build_alias_set=
ac_cv_env_build_alias_value=
ac_cv_env_host_alias_set=
ac_cv_env_host_alias_value=
ac_cv_env_target_alias_set=
ac_cv_env_target_alias_value=
ac_cv_header_stdc=yes
ac_cv_objext=o
ac_cv_path_EGREP='/bin/grep -E'
ac_cv_path_GREP=/bin/grep
ac_cv_path_install='/usr/bin/install -c'
ac_cv_path_mkdir=/bin/mkdir
ac_cv_prog_AWK=gawk
ac_cv_prog_CPP='gcc -E'
ac_cv_prog_ac_ct_CC=gcc
ac_cv_prog_cc_c89=
ac_cv_prog_cc_g=yes
ac_cv_prog_make_make_set=yes
ac_cv_search_strerror='none required'
am_cv_CC_dependencies_compiler_type=gcc3
am_cv_prog_cc_stdc=

## ----------------- ##
## Output variables. ##
## ----------------- ##

ACLOCAL='${SHELL} /home/josheeg/Desktop/arduino-serial/missing --run aclocal-1.10'
AMDEPBACKSLASH='\'
AMDEP_FALSE='#'
AMDEP_TRUE=''
AMTAR='${SHELL} /home/josheeg/Desktop/arduino-serial/missing --run tar'
AUTOCONF='${SHELL} /home/josheeg/Desktop/arduino-serial/missing --run autoconf'
AUTOHEADER='${SHELL} /home/josheeg/Desktop/arduino-serial/missing --run autoheader'
AUTOMAKE='${SHELL} /home/josheeg/Desktop/arduino-serial/missing --run automake-1.10'
AWK='gawk'
CC='gcc'
CCDEPMODE='depmode=gcc3'
CFLAGS='-g -O2'
CPP='gcc -E'
CPPFLAGS=''
CYGPATH_W='echo'
DEFS='-DHAVE_CONFIG_H'
DEPDIR='.deps'
ECHO_C=''
ECHO_N='-n'
ECHO_T=''
EGREP='/bin/grep -E'
EXEEXT=''
GREP='/bin/grep'
INSTALL_DATA='${INSTALL} -m 644'
INSTALL_PROGRAM='${INSTALL}'
INSTALL_SCRIPT='${INSTALL}'
INSTALL_STRIP_PROGRAM='$(install_sh) -c -s'
LDFLAGS=''
LIBOBJS=''
LIBS=''
LTLIBOBJS=''
MAINT=''
MAINTAINER_MODE_FALSE='#'
MAINTAINER_MODE_TRUE=''
MAKEINFO='${SHELL} /home/josheeg/Desktop/arduino-serial/missing --run makeinfo'
MKDIR_P='/bin/mkdir -p'
OBJEXT='o'
PACKAGE='arduino_serial'
PACKAGE_BUGREPORT=''
PACKAGE_NAME='arduino_serial'
PACKAGE_STRING='arduino_serial 0.1'
PACKAGE_TARNAME='arduino_serial'
PACKAGE_VERSION='0.1'
PATH_SEPARATOR=':'
SET_MAKE=''
SHELL='/bin/bash'
STRIP=''
VERSION='0.1'
ac_ct_CC='gcc'
am__fastdepCC_FALSE='#'
am__fastdepCC_TRUE=''
am__include='include'
am__isrc=''
am__leading_dot='.'
am__quote=''
am__tar='${AMTAR} chof - "$$tardir"'
am__untar='${AMTAR} xf -'
bindir='${exec_prefix}/bin'
build_alias=''
datadir='${datarootdir}'
datarootdir='${prefix}/share'
docdir='${datarootdir}/doc/${PACKAGE_TARNAME}'
dvidir='${docdir}'
exec_prefix='${prefix}'
host_alias=''
htmldir='${docdir}'
includedir='${prefix}/include'
infodir='${datarootdir}/info'
install_sh='$(SHELL) /home/josheeg/Desktop/arduino-serial/install-sh'
libdir='${exec_prefix}/lib'
libexecdir='${exec_prefix}/libexec'
localedir='${datarootdir}/locale'
localstatedir='${prefix}/var'
mandir='${datarootdir}/man'
mkdir_p='/bin/mkdir -p'
oldincludedir='/usr/include'
pdfdir='${docdir}'
prefix='/usr/local'
program_transform_name='s,x,x,'
psdir='${docdir}'
sbindir='${exec_prefix}/sbin'
sharedstatedir='${prefix}/com'
sysconfdir='${prefix}/etc'
target_alias=''

## ----------- ##
## confdefs.h. ##
## ----------- ##

#define PACKAGE_NAME "arduino_serial"
#define PACKAGE_TARNAME "arduino_serial"
#define PACKAGE_VERSION "0.1"
#define PACKAGE_STRING "arduino_serial 0.1"
#define PACKAGE_BUGREPORT ""
#define PACKAGE "arduino_serial"
#define VERSION "0.1"
#define STDC_HEADERS 1

configure: exit 0
